<?xml version="1.0" encoding="UTF-8"?>
<!-- Generated by org.testng.reporters.JUnitXMLReporter -->
<testsuite hostname="TINDTHGANAL0027" tests="1" failures="1" timestamp="28 Jun 2016 20:18:05 GMT" time="47.488" errors="0">
  <testcase name="ru" time="47.461" classname="ex1">
    <failure type="org.openqa.selenium.WebDriverException" message="Failed to connect to binary FirefoxBinary(C:\Program Files (x86)\Mozilla Firefox\firefox.exe) on port 7055; process output follows: 
iption&amp;quot;:&amp;quot;à¸ªà¸²à¸¡à¸²à¸£à¸–à¸¥à¹‡à¸­à¸�à¸­à¸­à¸™à¹€à¸‚à¹‰à¸²à¹€à¸§à¹‡à¸šà¹„à¸‹à¸•à¹Œà¹„à¸”à¹‰à¸­à¸¢à¹ˆà¸²à¸‡à¸ªà¸°à¸”à¸§à¸�à¹�à¸¥à¸°à¸›à¸¥à¸­à¸”à¸ à¸±à¸¢&amp;quot;,&amp;quot;creator&amp;quot;:null,&amp;quot;homepageURL&amp;quot;:null},{&amp;quot;locales&amp;quot;:[&amp;quot;tr&amp;quot;],&amp;quot;name&amp;quot;:&amp;quot;HP Client Security Manager&amp;quot;,&amp;quot;description&amp;quot;:&amp;quot;Web sitelerinde gÃ¼venli ve rahat oturum aÃ§ma saÄŸlar&amp;quot;,&amp;quot;creator&amp;quot;:null,&amp;quot;homepageURL&amp;quot;:null},{&amp;quot;locales&amp;quot;:[&amp;quot;uk&amp;quot;],&amp;quot;name&amp;quot;:&amp;quot;HP Client Security Manager&amp;quot;,&amp;quot;description&amp;quot;:&amp;quot;Provides secure and convenient logon to Web sites&amp;quot;,&amp;quot;creator&amp;quot;:null,&amp;quot;homepageURL&amp;quot;:null},{&amp;quot;locales&amp;quot;:[&amp;quot;zh-CN&amp;quot;],&amp;quot;name&amp;quot;:&amp;quot;HP Client Security Manager&amp;quot;,&amp;quot;description&amp;quot;:&amp;quot;ä¸º Web ç½‘ç«™æ��ä¾›å®‰å…¨ä¸”æ–¹ä¾¿çš„ç™»å½•&amp;quot;,&amp;quot;creator&amp;quot;:null,&amp;quot;homepageURL&amp;quot;:null},{&amp;quot;locales&amp;quot;:[&amp;quot;zh-TW&amp;quot;],&amp;quot;name&amp;quot;:&amp;quot;HP Client Security Manager&amp;quot;,&amp;quot;description&amp;quot;:&amp;quot;æ��ä¾›å®‰å…¨å�ˆæ–¹ä¾¿çš„ç¶²ç«™ç™»å…¥&amp;quot;,&amp;quot;creator&amp;quot;:null,&amp;quot;homepageURL&amp;quot;:null}],&amp;quot;targetApplications&amp;quot;:[{&amp;quot;id&amp;quot;:&amp;quot;{ec8030f7-c20a-464f-9b0e-13a3a9e97384}&amp;quot;,&amp;quot;minVersion&amp;quot;:&amp;quot;26.0&amp;quot;,&amp;quot;maxVersion&amp;quot;:&amp;quot;30.0&amp;quot;}],&amp;quot;targetPlatforms&amp;quot;:[],&amp;quot;multiprocessCompatible&amp;quot;:false,&amp;quot;signedState&amp;quot;:0,&amp;quot;seen&amp;quot;:true}
1467145039945	DeferredSave.extensions.json	DEBUG	Save changes
1467145039945	addons.xpi	DEBUG	Updating database with changes to installed add-ons
1467145039945	addons.xpi-utils	DEBUG	Updating add-on states
1467145039946	addons.xpi-utils	DEBUG	Writing add-ons list
1467145039949	addons.xpi	DEBUG	Registering manifest for C:\Program Files (x86)\Mozilla Firefox\browser\features\e10srollout@mozilla.org.xpi
1467145039949	addons.xpi	DEBUG	Calling bootstrap method startup on e10srollout@mozilla.org version 1.0
1467145039949	addons.xpi	DEBUG	Registering manifest for C:\Program Files (x86)\Mozilla Firefox\browser\features\firefox@getpocket.com.xpi
1467145039950	addons.xpi	DEBUG	Calling bootstrap method startup on firefox@getpocket.com version 1.0.3b1
1467145039951	addons.xpi	DEBUG	Registering manifest for C:\Program Files (x86)\Mozilla Firefox\browser\features\loop@mozilla.org.xpi
1467145039951	addons.xpi	DEBUG	Calling bootstrap method startup on loop@mozilla.org version 1.4.1
1467145039973	addons.manager	DEBUG	Registering shutdown blocker for XPIProvider
1467145039973	addons.manager	DEBUG	Provider finished startup: XPIProvider
1467145039973	addons.manager	DEBUG	Starting provider: LightweightThemeManager
1467145039973	addons.manager	DEBUG	Registering shutdown blocker for LightweightThemeManager
1467145039974	addons.manager	DEBUG	Provider finished startup: LightweightThemeManager
1467145039974	addons.manager	DEBUG	Starting provider: GMPProvider
1467145039980	addons.manager	DEBUG	Registering shutdown blocker for GMPProvider
1467145039981	addons.manager	DEBUG	Provider finished startup: GMPProvider
1467145039981	addons.manager	DEBUG	Starting provider: PluginProvider
1467145039981	addons.manager	DEBUG	Registering shutdown blocker for PluginProvider
1467145039981	addons.manager	DEBUG	Provider finished startup: PluginProvider
1467145039981	addons.manager	DEBUG	Completed startup sequence
1467145042178	addons.manager	DEBUG	Starting provider: &amp;lt;unnamed-provider&amp;gt;
1467145042178	addons.manager	DEBUG	Registering shutdown blocker for &amp;lt;unnamed-provider&amp;gt;
1467145042178	addons.manager	DEBUG	Provider finished startup: &amp;lt;unnamed-provider&amp;gt;
1467145042846	DeferredSave.extensions.json	DEBUG	Write succeeded
1467145042847	addons.xpi-utils	DEBUG	XPI Database saved, setting schema version preference to 17
1467145042847	DeferredSave.extensions.json	DEBUG	Starting timer
1467145042871	addons.repository	DEBUG	No addons.json found.
1467145042873	DeferredSave.addons.json	DEBUG	Save changes
1467145042877	DeferredSave.addons.json	DEBUG	Starting timer
1467145042943	addons.manager	DEBUG	Starting provider: PreviousExperimentProvider
1467145042943	addons.manager	DEBUG	Registering shutdown blocker for PreviousExperimentProvider
1467145042944	addons.manager	DEBUG	Provider finished startup: PreviousExperimentProvider
1467145042947	DeferredSave.extensions.json	DEBUG	Starting write
1467145042957	DeferredSave.addons.json	DEBUG	Starting write
1467145042992	DeferredSave.extensions.json	DEBUG	Write succeeded
1467145043001	DeferredSave.addons.json	DEBUG	Write succeeded

Build info: version: &amp;apos;2.53.0&amp;apos;, revision: &amp;apos;35ae25b&amp;apos;, time: &amp;apos;2016-03-15 16:57:40&amp;apos;
System info: host: &amp;apos;TINDTHGANAL0027&amp;apos;, ip: &amp;apos;192.168.1.102&amp;apos;, os.name: &amp;apos;Windows 8.1&amp;apos;, os.arch: &amp;apos;amd64&amp;apos;, os.version: &amp;apos;6.3&amp;apos;, java.version: &amp;apos;1.8.0_91&amp;apos;
Driver info: driver.version: FirefoxDriver">
      <![CDATA[org.openqa.selenium.WebDriverException: Failed to connect to binary FirefoxBinary(C:\Program Files (x86)\Mozilla Firefox\firefox.exe) on port 7055; process output follows: 
iption":"à¸ªà¸²à¸¡à¸²à¸£à¸–à¸¥à¹‡à¸­à¸�à¸­à¸­à¸™à¹€à¸‚à¹‰à¸²à¹€à¸§à¹‡à¸šà¹„à¸‹à¸•à¹Œà¹„à¸”à¹‰à¸­à¸¢à¹ˆà¸²à¸‡à¸ªà¸°à¸”à¸§à¸�à¹�à¸¥à¸°à¸›à¸¥à¸­à¸”à¸ à¸±à¸¢","creator":null,"homepageURL":null},{"locales":["tr"],"name":"HP Client Security Manager","description":"Web sitelerinde gÃ¼venli ve rahat oturum aÃ§ma saÄŸlar","creator":null,"homepageURL":null},{"locales":["uk"],"name":"HP Client Security Manager","description":"Provides secure and convenient logon to Web sites","creator":null,"homepageURL":null},{"locales":["zh-CN"],"name":"HP Client Security Manager","description":"ä¸º Web ç½‘ç«™æ��ä¾›å®‰å…¨ä¸”æ–¹ä¾¿çš„ç™»å½•","creator":null,"homepageURL":null},{"locales":["zh-TW"],"name":"HP Client Security Manager","description":"æ��ä¾›å®‰å…¨å�ˆæ–¹ä¾¿çš„ç¶²ç«™ç™»å…¥","creator":null,"homepageURL":null}],"targetApplications":[{"id":"{ec8030f7-c20a-464f-9b0e-13a3a9e97384}","minVersion":"26.0","maxVersion":"30.0"}],"targetPlatforms":[],"multiprocessCompatible":false,"signedState":0,"seen":true}
1467145039945	DeferredSave.extensions.json	DEBUG	Save changes
1467145039945	addons.xpi	DEBUG	Updating database with changes to installed add-ons
1467145039945	addons.xpi-utils	DEBUG	Updating add-on states
1467145039946	addons.xpi-utils	DEBUG	Writing add-ons list
1467145039949	addons.xpi	DEBUG	Registering manifest for C:\Program Files (x86)\Mozilla Firefox\browser\features\e10srollout@mozilla.org.xpi
1467145039949	addons.xpi	DEBUG	Calling bootstrap method startup on e10srollout@mozilla.org version 1.0
1467145039949	addons.xpi	DEBUG	Registering manifest for C:\Program Files (x86)\Mozilla Firefox\browser\features\firefox@getpocket.com.xpi
1467145039950	addons.xpi	DEBUG	Calling bootstrap method startup on firefox@getpocket.com version 1.0.3b1
1467145039951	addons.xpi	DEBUG	Registering manifest for C:\Program Files (x86)\Mozilla Firefox\browser\features\loop@mozilla.org.xpi
1467145039951	addons.xpi	DEBUG	Calling bootstrap method startup on loop@mozilla.org version 1.4.1
1467145039973	addons.manager	DEBUG	Registering shutdown blocker for XPIProvider
1467145039973	addons.manager	DEBUG	Provider finished startup: XPIProvider
1467145039973	addons.manager	DEBUG	Starting provider: LightweightThemeManager
1467145039973	addons.manager	DEBUG	Registering shutdown blocker for LightweightThemeManager
1467145039974	addons.manager	DEBUG	Provider finished startup: LightweightThemeManager
1467145039974	addons.manager	DEBUG	Starting provider: GMPProvider
1467145039980	addons.manager	DEBUG	Registering shutdown blocker for GMPProvider
1467145039981	addons.manager	DEBUG	Provider finished startup: GMPProvider
1467145039981	addons.manager	DEBUG	Starting provider: PluginProvider
1467145039981	addons.manager	DEBUG	Registering shutdown blocker for PluginProvider
1467145039981	addons.manager	DEBUG	Provider finished startup: PluginProvider
1467145039981	addons.manager	DEBUG	Completed startup sequence
1467145042178	addons.manager	DEBUG	Starting provider: <unnamed-provider>
1467145042178	addons.manager	DEBUG	Registering shutdown blocker for <unnamed-provider>
1467145042178	addons.manager	DEBUG	Provider finished startup: <unnamed-provider>
1467145042846	DeferredSave.extensions.json	DEBUG	Write succeeded
1467145042847	addons.xpi-utils	DEBUG	XPI Database saved, setting schema version preference to 17
1467145042847	DeferredSave.extensions.json	DEBUG	Starting timer
1467145042871	addons.repository	DEBUG	No addons.json found.
1467145042873	DeferredSave.addons.json	DEBUG	Save changes
1467145042877	DeferredSave.addons.json	DEBUG	Starting timer
1467145042943	addons.manager	DEBUG	Starting provider: PreviousExperimentProvider
1467145042943	addons.manager	DEBUG	Registering shutdown blocker for PreviousExperimentProvider
1467145042944	addons.manager	DEBUG	Provider finished startup: PreviousExperimentProvider
1467145042947	DeferredSave.extensions.json	DEBUG	Starting write
1467145042957	DeferredSave.addons.json	DEBUG	Starting write
1467145042992	DeferredSave.extensions.json	DEBUG	Write succeeded
1467145043001	DeferredSave.addons.json	DEBUG	Write succeeded

Build info: version: '2.53.0', revision: '35ae25b', time: '2016-03-15 16:57:40'
System info: host: 'TINDTHGANAL0027', ip: '192.168.1.102', os.name: 'Windows 8.1', os.arch: 'amd64', os.version: '6.3', java.version: '1.8.0_91'
Driver info: driver.version: FirefoxDriver
	at org.openqa.selenium.firefox.internal.NewProfileExtensionConnection.start(NewProfileExtensionConnection.java:124)
	at org.openqa.selenium.firefox.FirefoxDriver.startClient(FirefoxDriver.java:271)
	at org.openqa.selenium.remote.RemoteWebDriver.<init>(RemoteWebDriver.java:119)
	at org.openqa.selenium.firefox.FirefoxDriver.<init>(FirefoxDriver.java:218)
	at org.openqa.selenium.firefox.FirefoxDriver.<init>(FirefoxDriver.java:211)
	at org.openqa.selenium.firefox.FirefoxDriver.<init>(FirefoxDriver.java:207)
	at org.openqa.selenium.firefox.FirefoxDriver.<init>(FirefoxDriver.java:120)
	at ex1.ru(ex1.java:10)
	at sun.reflect.NativeMethodAccessorImpl.invoke0(Native Method)
	at sun.reflect.NativeMethodAccessorImpl.invoke(Unknown Source)
	at sun.reflect.DelegatingMethodAccessorImpl.invoke(Unknown Source)
	at java.lang.reflect.Method.invoke(Unknown Source)
	at org.testng.internal.MethodInvocationHelper.invokeMethod(MethodInvocationHelper.java:85)
	at org.testng.internal.Invoker.invokeMethod(Invoker.java:639)
	at org.testng.internal.Invoker.invokeTestMethod(Invoker.java:816)
	at org.testng.internal.Invoker.invokeTestMethods(Invoker.java:1124)
	at org.testng.internal.TestMethodWorker.invokeTestMethods(TestMethodWorker.java:125)
	at org.testng.internal.TestMethodWorker.run(TestMethodWorker.java:108)
	at org.testng.TestRunner.privateRun(TestRunner.java:774)
	at org.testng.TestRunner.run(TestRunner.java:624)
	at org.testng.SuiteRunner.runTest(SuiteRunner.java:359)
	at org.testng.SuiteRunner.runSequentially(SuiteRunner.java:354)
	at org.testng.SuiteRunner.privateRun(SuiteRunner.java:312)
	at org.testng.SuiteRunner.run(SuiteRunner.java:261)
	at org.testng.SuiteRunnerWorker.runSuite(SuiteRunnerWorker.java:52)
	at org.testng.SuiteRunnerWorker.run(SuiteRunnerWorker.java:86)
	at org.testng.TestNG.runSuitesSequentially(TestNG.java:1215)
	at org.testng.TestNG.runSuitesLocally(TestNG.java:1140)
	at org.testng.TestNG.run(TestNG.java:1048)
	at org.testng.remote.AbstractRemoteTestNG.run(AbstractRemoteTestNG.java:126)
	at org.testng.remote.RemoteTestNG.initAndRun(RemoteTestNG.java:137)
	at org.testng.remote.RemoteTestNG.main(RemoteTestNG.java:58)
Caused by: org.openqa.selenium.firefox.NotConnectedException: Unable to connect to host 127.0.0.1 on port 7055 after 45000 ms. Firefox console output:
iption":"à¸ªà¸²à¸¡à¸²à¸£à¸–à¸¥à¹‡à¸­à¸�à¸­à¸­à¸™à¹€à¸‚à¹‰à¸²à¹€à¸§à¹‡à¸šà¹„à¸‹à¸•à¹Œà¹„à¸”à¹‰à¸­à¸¢à¹ˆà¸²à¸‡à¸ªà¸°à¸”à¸§à¸�à¹�à¸¥à¸°à¸›à¸¥à¸­à¸”à¸ à¸±à¸¢","creator":null,"homepageURL":null},{"locales":["tr"],"name":"HP Client Security Manager","description":"Web sitelerinde gÃ¼venli ve rahat oturum aÃ§ma saÄŸlar","creator":null,"homepageURL":null},{"locales":["uk"],"name":"HP Client Security Manager","description":"Provides secure and convenient logon to Web sites","creator":null,"homepageURL":null},{"locales":["zh-CN"],"name":"HP Client Security Manager","description":"ä¸º Web ç½‘ç«™æ��ä¾›å®‰å…¨ä¸”æ–¹ä¾¿çš„ç™»å½•","creator":null,"homepageURL":null},{"locales":["zh-TW"],"name":"HP Client Security Manager","description":"æ��ä¾›å®‰å…¨å�ˆæ–¹ä¾¿çš„ç¶²ç«™ç™»å…¥","creator":null,"homepageURL":null}],"targetApplications":[{"id":"{ec8030f7-c20a-464f-9b0e-13a3a9e97384}","minVersion":"26.0","maxVersion":"30.0"}],"targetPlatforms":[],"multiprocessCompatible":false,"signedState":0,"seen":true}
1467145039945	DeferredSave.extensions.json	DEBUG	Save changes
1467145039945	addons.xpi	DEBUG	Updating database with changes to installed add-ons
1467145039945	addons.xpi-utils	DEBUG	Updating add-on states
1467145039946	addons.xpi-utils	DEBUG	Writing add-ons list
1467145039949	addons.xpi	DEBUG	Registering manifest for C:\Program Files (x86)\Mozilla Firefox\browser\features\e10srollout@mozilla.org.xpi
1467145039949	addons.xpi	DEBUG	Calling bootstrap method startup on e10srollout@mozilla.org version 1.0
1467145039949	addons.xpi	DEBUG	Registering manifest for C:\Program Files (x86)\Mozilla Firefox\browser\features\firefox@getpocket.com.xpi
1467145039950	addons.xpi	DEBUG	Calling bootstrap method startup on firefox@getpocket.com version 1.0.3b1
1467145039951	addons.xpi	DEBUG	Registering manifest for C:\Program Files (x86)\Mozilla Firefox\browser\features\loop@mozilla.org.xpi
1467145039951	addons.xpi	DEBUG	Calling bootstrap method startup on loop@mozilla.org version 1.4.1
1467145039973	addons.manager	DEBUG	Registering shutdown blocker for XPIProvider
1467145039973	addons.manager	DEBUG	Provider finished startup: XPIProvider
1467145039973	addons.manager	DEBUG	Starting provider: LightweightThemeManager
1467145039973	addons.manager	DEBUG	Registering shutdown blocker for LightweightThemeManager
1467145039974	addons.manager	DEBUG	Provider finished startup: LightweightThemeManager
1467145039974	addons.manager	DEBUG	Starting provider: GMPProvider
1467145039980	addons.manager	DEBUG	Registering shutdown blocker for GMPProvider
1467145039981	addons.manager	DEBUG	Provider finished startup: GMPProvider
1467145039981	addons.manager	DEBUG	Starting provider: PluginProvider
1467145039981	addons.manager	DEBUG	Registering shutdown blocker for PluginProvider
1467145039981	addons.manager	DEBUG	Provider finished startup: PluginProvider
1467145039981	addons.manager	DEBUG	Completed startup sequence
1467145042178	addons.manager	DEBUG	Starting provider: <unnamed-provider>
1467145042178	addons.manager	DEBUG	Registering shutdown blocker for <unnamed-provider>
1467145042178	addons.manager	DEBUG	Provider finished startup: <unnamed-provider>
1467145042846	DeferredSave.extensions.json	DEBUG	Write succeeded
1467145042847	addons.xpi-utils	DEBUG	XPI Database saved, setting schema version preference to 17
1467145042847	DeferredSave.extensions.json	DEBUG	Starting timer
1467145042871	addons.repository	DEBUG	No addons.json found.
1467145042873	DeferredSave.addons.json	DEBUG	Save changes
1467145042877	DeferredSave.addons.json	DEBUG	Starting timer
1467145042943	addons.manager	DEBUG	Starting provider: PreviousExperimentProvider
1467145042943	addons.manager	DEBUG	Registering shutdown blocker for PreviousExperimentProvider
1467145042944	addons.manager	DEBUG	Provider finished startup: PreviousExperimentProvider
1467145042947	DeferredSave.extensions.json	DEBUG	Starting write
1467145042957	DeferredSave.addons.json	DEBUG	Starting write
1467145042992	DeferredSave.extensions.json	DEBUG	Write succeeded
1467145043001	DeferredSave.addons.json	DEBUG	Write succeeded

	at org.openqa.selenium.firefox.internal.NewProfileExtensionConnection.start(NewProfileExtensionConnection.java:112)
	... 31 more
]]>
    </failure>
  </testcase> <!-- ru -->
</testsuite>
